<?xml version="1.0" encoding="UTF-8"?>
<TestRun id="aab3271a-dd2d-4ca9-9086-72a489a8f55d" name="m12hna@NT5 2013-05-28 16:47:36" runUser="MATH\m12hna" xmlns="http://microsoft.com/schemas/VisualStudio/TeamTest/2010">
  <TestSettings name="Default Test Settings" id="d1433cea-4c8f-4b41-a618-2f3dbdae05ad">
    <Deployment runDeploymentRoot="m12hna_NT5 2013-05-28 16_47_36">
      <DeploymentItem filename="C:\Users\m12hna\Documents\Visual Studio 2010\Projects\HW6\Filter\Filter\bin\Debug\Filter.exe" />
    </Deployment>
    <Execution>
      <TestTypeSpecific />
      <AgentRule name="Execution Agents">
      </AgentRule>
    </Execution>
  </TestSettings>
  <Times creation="2013-05-28T16:47:36.7979527+04:00" queuing="2013-05-28T16:47:36.9219651+04:00" start="2013-05-28T16:47:36.9319661+04:00" finish="2013-05-28T16:47:37.2689998+04:00" />
  <ResultSummary outcome="Completed">
    <Counters total="1" executed="1" passed="1" error="0" failed="0" timeout="0" aborted="0" inconclusive="0" passedButRunAborted="0" notRunnable="0" notExecuted="0" disconnected="0" warning="0" completed="0" inProgress="0" pending="0" />
  </ResultSummary>
  <TestDefinitions>
    <UnitTest name="Test" storage="c:\users\m12hna\documents\visual studio 2010\projects\hw6\filter\filter.tests\bin\debug\filter.tests.dll" id="e537eb11-4ed5-4eb9-3c68-42d41e276aa2">
      <Execution id="7fd4e819-4ea5-43dc-9a82-d1baee87356e" />
      <TestMethod codeBase="C:/Users/m12hna/Documents/Visual Studio 2010/Projects/HW6/Filter/Filter.Tests/bin/Debug/Filter.Tests.DLL" adapterTypeName="Microsoft.VisualStudio.TestTools.TestTypes.Unit.UnitTestAdapter, Microsoft.VisualStudio.QualityTools.Tips.UnitTest.Adapter, Version=10.0.0.0, Culture=neutral, PublicKeyToken=b03f5f7f11d50a3a" className="Filter.Tests.FTest, Filter.Tests, Version=1.0.0.0, Culture=neutral, PublicKeyToken=null" name="Test" />
    </UnitTest>
  </TestDefinitions>
  <TestLists>
    <TestList name="Results Not in a List" id="8c84fa94-04c1-424b-9868-57a2d4851a1d" />
    <TestList name="All Loaded Results" id="19431567-8539-422a-85d7-44ee4e166bda" />
  </TestLists>
  <TestEntries>
    <TestEntry testId="e537eb11-4ed5-4eb9-3c68-42d41e276aa2" executionId="7fd4e819-4ea5-43dc-9a82-d1baee87356e" testListId="8c84fa94-04c1-424b-9868-57a2d4851a1d" />
  </TestEntries>
  <Results>
    <UnitTestResult executionId="7fd4e819-4ea5-43dc-9a82-d1baee87356e" testId="e537eb11-4ed5-4eb9-3c68-42d41e276aa2" testName="Test" computerName="NT5" duration="00:00:00.0283723" startTime="2013-05-28T16:47:37.0149744+04:00" endTime="2013-05-28T16:47:37.2499979+04:00" testType="13cdc9d9-ddb5-4fa4-a97d-d965ccfc6d4b" outcome="Passed" testListId="8c84fa94-04c1-424b-9868-57a2d4851a1d" relativeResultsDirectory="7fd4e819-4ea5-43dc-9a82-d1baee87356e">
    </UnitTestResult>
  </Results>
</TestRun>