<?xml version="1.0" encoding="UTF-8"?>
<TestRun id="59b4f705-2b40-467f-8ef2-7761738cd65c" name="m12hna@XP11 2013-04-16 12:22:53" runUser="MATH\m12hna" xmlns="http://microsoft.com/schemas/VisualStudio/TeamTest/2010">
  <TestSettings name="Local" id="5004fef1-34e8-4508-b596-77eea20ccb1c">
    <Description>These are default test settings for a local test run.</Description>
    <Deployment enabled="false" runDeploymentRoot="m12hna_XP11 2013-04-16 12_22_53">
      <DeploymentItem filename="c:\users\m12hna\documents\visual studio 2010\Projects\Fibbonachi\Fibbonachi\bin\Debug\Fibbonachi.exe" />
    </Deployment>
    <Execution>
      <TestTypeSpecific />
      <AgentRule name="Execution Agents">
      </AgentRule>
    </Execution>
  </TestSettings>
  <Times creation="2013-04-16T12:22:53.1472943+04:00" queuing="2013-04-16T12:22:53.6605651+04:00" start="2013-04-16T12:22:53.8020561+04:00" finish="2013-04-16T12:22:54.3943667+04:00" />
  <ResultSummary outcome="Completed">
    <Counters total="1" executed="1" passed="1" error="0" failed="0" timeout="0" aborted="0" inconclusive="0" passedButRunAborted="0" notRunnable="0" notExecuted="0" disconnected="0" warning="0" completed="0" inProgress="0" pending="0" />
  </ResultSummary>
  <TestDefinitions>
    <UnitTest name="FibbonachiTest" storage="c:\users\m12hna\documents\visual studio 2010\projects\fibbonachi\fibbonachitest\bin\debug\fibbonachitest.dll" id="49f7796e-6fc4-d2be-e94c-44560db6291c">
      <Execution id="5e8dbeba-b3a0-460a-856b-b8c1d7148953" />
      <TestMethod codeBase="c:/users/m12hna/documents/visual studio 2010/Projects/Fibbonachi/FibbonachiTest/bin/Debug/FibbonachiTest.DLL" adapterTypeName="Microsoft.VisualStudio.TestTools.TestTypes.Unit.UnitTestAdapter, Microsoft.VisualStudio.QualityTools.Tips.UnitTest.Adapter, Version=10.0.0.0, Culture=neutral, PublicKeyToken=b03f5f7f11d50a3a" className="FibbonachiTest.UnitTest1, FibbonachiTest, Version=1.0.0.0, Culture=neutral, PublicKeyToken=null" name="FibbonachiTest" />
    </UnitTest>
  </TestDefinitions>
  <TestLists>
    <TestList name="Results Not in a List" id="8c84fa94-04c1-424b-9868-57a2d4851a1d" />
    <TestList name="All Loaded Results" id="19431567-8539-422a-85d7-44ee4e166bda" />
  </TestLists>
  <TestEntries>
    <TestEntry testId="49f7796e-6fc4-d2be-e94c-44560db6291c" executionId="5e8dbeba-b3a0-460a-856b-b8c1d7148953" testListId="8c84fa94-04c1-424b-9868-57a2d4851a1d" />
  </TestEntries>
  <Results>
    <UnitTestResult executionId="5e8dbeba-b3a0-460a-856b-b8c1d7148953" testId="49f7796e-6fc4-d2be-e94c-44560db6291c" testName="FibbonachiTest" computerName="XP11" duration="00:00:00.0219201" startTime="2013-04-16T12:22:53.8205963+04:00" endTime="2013-04-16T12:22:54.2987383+04:00" testType="13cdc9d9-ddb5-4fa4-a97d-d965ccfc6d4b" outcome="Passed" testListId="8c84fa94-04c1-424b-9868-57a2d4851a1d" relativeResultsDirectory="5e8dbeba-b3a0-460a-856b-b8c1d7148953">
    </UnitTestResult>
  </Results>
</TestRun>